<?xml version="1.0" encoding="UTF-8"?>
<testsuite name="change.vector.collector.LibraryTest" tests="1" skipped="0" failures="0" errors="0" timestamp="2019-10-12T14:15:37" hostname="sinjihoui-MacBookPro.local" time="0.002">
  <properties/>
  <testcase name="testSomeLibraryMethod" classname="change.vector.collector.LibraryTest" time="0.002"/>
  <system-out><![CDATA[]]></system-out>
  <system-err><![CDATA[]]></system-err>
</testsuite>
